<?xml version="1.0" encoding="UTF-8"?>
<coverage generated="1664885365425" clover="3.2.0">
  <project timestamp="1664885365426" name="All files">
    <metrics statements="12" coveredstatements="12" conditionals="6" coveredconditionals="6" methods="4" coveredmethods="4" elements="22" coveredelements="22" complexity="0" loc="12" ncloc="12" packages="1" files="1" classes="1"/>
    <file name="leap_year.js" path="C:\JS_Code\leap_year_project\leap_year.js">
      <metrics statements="12" coveredstatements="12" conditionals="6" coveredconditionals="6" methods="4" coveredmethods="4"/>
      <line num="2" count="5" type="stmt"/>
      <line num="6" count="4" type="stmt"/>
      <line num="10" count="6" type="stmt"/>
      <line num="14" count="4" type="cond" truecount="2" falsecount="0"/>
      <line num="15" count="1" type="stmt"/>
      <line num="17" count="3" type="cond" truecount="4" falsecount="0"/>
      <line num="18" count="1" type="stmt"/>
      <line num="21" count="2" type="stmt"/>
      <line num="25" count="1" type="stmt"/>
      <line num="26" count="1" type="stmt"/>
      <line num="27" count="1" type="stmt"/>
      <line num="28" count="1" type="stmt"/>
    </file>
  </project>
</coverage>
