{"C:\\JS_Code\\leap_year_project\\leap_year.js": {"path":"C:\\JS_Code\\leap_year_project\\leap_year.js","statementMap":{"0":{"start":{"line":2,"column":4},"end":{"line":2,"column":21}},"1":{"start":{"line":6,"column":4},"end":{"line":6,"column":24}},"2":{"start":{"line":10,"column":4},"end":{"line":10,"column":24}},"3":{"start":{"line":14,"column":4},"end":{"line":22,"column":5}},"4":{"start":{"line":15,"column":8},"end":{"line":15,"column":20}},"5":{"start":{"line":17,"column":9},"end":{"line":22,"column":5}},"6":{"start":{"line":18,"column":8},"end":{"line":18,"column":20}},"7":{"start":{"line":21,"column":8},"end":{"line":21,"column":21}},"8":{"start":{"line":25,"column":0},"end":{"line":25,"column":47}},"9":{"start":{"line":26,"column":0},"end":{"line":26,"column":51}},"10":{"start":{"line":27,"column":0},"end":{"line":27,"column":51}},"11":{"start":{"line":28,"column":0},"end":{"line":28,"column":39}}},"fnMap":{"0":{"name":"isDivisibleBy4","decl":{"start":{"line":1,"column":9},"end":{"line":1,"column":23}},"loc":{"start":{"line":1,"column":33},"end":{"line":3,"column":1}},"line":1},"1":{"name":"isDivisibleBy100","decl":{"start":{"line":5,"column":9},"end":{"line":5,"column":25}},"loc":{"start":{"line":5,"column":35},"end":{"line":7,"column":1}},"line":5},"2":{"name":"isDivisibleBy400","decl":{"start":{"line":9,"column":9},"end":{"line":9,"column":25}},"loc":{"start":{"line":9,"column":35},"end":{"line":11,"column":1}},"line":9},"3":{"name":"isLeapYear","decl":{"start":{"line":13,"column":9},"end":{"line":13,"column":19}},"loc":{"start":{"line":13,"column":26},"end":{"line":23,"column":1}},"line":13}},"branchMap":{"0":{"loc":{"start":{"line":14,"column":4},"end":{"line":22,"column":5}},"type":"if","locations":[{"start":{"line":14,"column":4},"end":{"line":22,"column":5}},{"start":{"line":17,"column":9},"end":{"line":22,"column":5}}],"line":14},"1":{"loc":{"start":{"line":17,"column":9},"end":{"line":22,"column":5}},"type":"if","locations":[{"start":{"line":17,"column":9},"end":{"line":22,"column":5}},{"start":{"line":20,"column":9},"end":{"line":22,"column":5}}],"line":17},"2":{"loc":{"start":{"line":17,"column":13},"end":{"line":17,"column":69}},"type":"binary-expr","locations":[{"start":{"line":17,"column":13},"end":{"line":17,"column":38}},{"start":{"line":17,"column":42},"end":{"line":17,"column":69}}],"line":17}},"s":{"0":5,"1":4,"2":6,"3":4,"4":1,"5":3,"6":1,"7":2,"8":1,"9":1,"10":1,"11":1},"f":{"0":5,"1":4,"2":6,"3":4},"b":{"0":[1,3],"1":[1,2],"2":[3,2]},"_coverageSchema":"1a1c01bbd47fc00a2c39e90264f33305004495a9","hash":"3c2d60fecc0be46916957abe9f85a70be9b078d6"}
}
